<?xml version="1.0" encoding="UTF-8"?>
<!-- Generated by org.testng.reporters.JUnitReportReporter -->
<testsuite skipped="0" hostname="SC-201512161950" name="lessons.TestNG_TestCrossBrowser" tests="2" failures="0" timestamp="11 七月 2018 03:06:57 GMT" time="22.181" errors="0">
  <testcase name="startBrowser" time="9.236" classname="lessons.TestNG_TestCrossBrowser"/>
  <testcase name="startBrowser" time="12.945" classname="lessons.TestNG_TestCrossBrowser"/>
</testsuite> <!-- lessons.TestNG_TestCrossBrowser -->
