<?xml version="1.0" encoding="UTF-8"?>
<!-- Generated by org.testng.reporters.JUnitReportReporter -->
<testsuite skipped="0" hostname="SC-201512161950" name="lessons.TestngReportDemo" tests="1" failures="0" timestamp="31 七月 2018 05:58:59 GMT" time="4.146" errors="0">
  <testcase name="TestReport" time="4.146" classname="lessons.TestngReportDemo"/>
</testsuite> <!-- lessons.TestngReportDemo -->
