<?xml version="1.0" encoding="UTF-8"?>
<!-- Generated by org.testng.reporters.JUnitReportReporter -->
<testsuite skipped="0" hostname="SC-201512161950" name="testSuites.Test_AddGoodToCart" tests="1" failures="0" timestamp="06 八月 2018 10:39:05 GMT" time="8.727" errors="0">
  <testcase name="testAddToCart" time="8.727" classname="testSuites.Test_AddGoodToCart"/>
</testsuite> <!-- testSuites.Test_AddGoodToCart -->
