<?xml version="1.0" encoding="UTF-8"?>
<!-- Generated by org.testng.reporters.JUnitReportReporter -->
<testsuite skipped="0" hostname="SC-201512161950" name="testSuites.TestWithPOM1" tests="1" failures="0" timestamp="14 七月 2018 10:55:48 GMT" time="3.996" errors="0">
  <testcase name="testLogin" time="3.996" classname="testSuites.TestWithPOM1"/>
</testsuite> <!-- testSuites.TestWithPOM1 -->
