<?xml version="1.0" encoding="UTF-8"?>
<!-- Generated by org.testng.reporters.JUnitReportReporter -->
<testsuite skipped="0" hostname="SC-201512161950" name="lessons.TestDDTTest" tests="5" failures="0" timestamp="11 七月 2018 05:48:59 GMT" time="56.377" errors="0">
  <testcase name="TestLogin" time="10.794" classname="lessons.TestDDTTest"/>
  <testcase name="TestLogin" time="11.136" classname="lessons.TestDDTTest"/>
  <testcase name="TestLogin" time="11.108" classname="lessons.TestDDTTest"/>
  <testcase name="TestLogin" time="12.166" classname="lessons.TestDDTTest"/>
  <testcase name="TestLogin" time="11.173" classname="lessons.TestDDTTest"/>
</testsuite> <!-- lessons.TestDDTTest -->
