<?xml version="1.0" encoding="UTF-8"?>
<!-- Generated by org.testng.reporters.JUnitReportReporter -->
<testsuite skipped="0" hostname="SC-201512161950" name="lessons.FirstTestNGClass" tests="1" failures="0" timestamp="11 七月 2018 02:03:59 GMT" time="3.669" errors="0">
  <testcase name="open_baidu" time="3.669" classname="lessons.FirstTestNGClass"/>
</testsuite> <!-- lessons.FirstTestNGClass -->
