<?xml version="1.0" encoding="UTF-8"?>
<!-- Generated by org.testng.reporters.JUnitReportReporter -->
<testsuite skipped="0" hostname="SC-201512161950" name="testSuites.Test_HomePage_Search" tests="1" failures="0" timestamp="21 十月 2018 11:30:00 GMT" time="7.818" errors="0">
  <testcase name="test_searchGoods" time="7.818" classname="testSuites.Test_HomePage_Search"/>
</testsuite> <!-- testSuites.Test_HomePage_Search -->
