<?xml version="1.0" encoding="UTF-8"?>
<!-- Generated by org.testng.reporters.JUnitReportReporter -->
<testsuite skipped="0" hostname="SC-201512161950" name="testSuites.TestLaunchBrowser" tests="1" failures="0" timestamp="16 七月 2018 10:24:36 GMT" time="2.231" errors="0">
  <testcase name="search" time="2.231" classname="testSuites.TestLaunchBrowser"/>
</testsuite> <!-- testSuites.TestLaunchBrowser -->
