<?xml version="1.0" encoding="UTF-8"?>
<!-- Generated by org.testng.reporters.JUnitReportReporter -->
<testsuite skipped="0" hostname="SC-201512161950" name="testSuites.TestWithPOM" tests="1" failures="0" timestamp="30 七月 2018 11:59:27 GMT" time="4.941" errors="0">
  <testcase name="testLogin" time="4.941" classname="testSuites.TestWithPOM"/>
</testsuite> <!-- testSuites.TestWithPOM -->
