<?xml version="1.0" encoding="UTF-8"?>
<!-- Generated by org.testng.reporters.JUnitReportReporter -->
<testsuite skipped="0" hostname="SC-201512161950" name="lessons.TestDDT" tests="2" failures="0" timestamp="11 七月 2018 03:48:31 GMT" time="24.191" errors="0">
  <testcase name="TestLogin" time="13.458" classname="lessons.TestDDT"/>
  <testcase name="TestLogin" time="10.733" classname="lessons.TestDDT"/>
</testsuite> <!-- lessons.TestDDT -->
